[debug] [2022-02-20T22:10:08.502Z] ----------------------------------------------------------------------
[debug] [2022-02-20T22:10:08.504Z] Command:       C:\Program Files\nodejs\node.exe C:\Users\ricca\AppData\Roaming\npm\node_modules\firebase-tools\lib\bin\firebase.js init
[debug] [2022-02-20T22:10:08.504Z] CLI Version:   10.2.1
[debug] [2022-02-20T22:10:08.504Z] Platform:      win32
[debug] [2022-02-20T22:10:08.504Z] Node Version:  v16.13.2
[debug] [2022-02-20T22:10:08.510Z] Time:          Sun Feb 20 2022 23:10:08 GMT+0100 (Ora standard dell’Europa centrale)
[debug] [2022-02-20T22:10:08.510Z] ----------------------------------------------------------------------
[debug] 
[debug] [2022-02-20T22:10:08.513Z] >>> [apiv2][query] GET https://firebase-public.firebaseio.com/cli.json [none]
[debug] [2022-02-20T22:10:08.533Z] > command requires scopes: ["email","openid","https://www.googleapis.com/auth/cloudplatformprojects.readonly","https://www.googleapis.com/auth/firebase","https://www.googleapis.com/auth/cloud-platform"]
[debug] [2022-02-20T22:10:08.533Z] > authorizing via signed-in user (riccardo.n1402@gmail.com)
[info] 
     ######## #### ########  ######## ########     ###     ######  ########
     ##        ##  ##     ## ##       ##     ##  ##   ##  ##       ##
     ######    ##  ########  ######   ########  #########  ######  ######
     ##        ##  ##    ##  ##       ##     ## ##     ##       ## ##
     ##       #### ##     ## ######## ########  ##     ##  ######  ########

You're about to initialize a Firebase project in this directory:

  C:\Users\ricca\source\peppe\local\Angular-Tris\src

[debug] [2022-02-20T22:10:09.395Z] <<< [apiv2][status] GET https://firebase-public.firebaseio.com/cli.json 200
[debug] [2022-02-20T22:10:09.396Z] <<< [apiv2][body] GET https://firebase-public.firebaseio.com/cli.json {"cloudBuildErrorAfter":1594252800000,"cloudBuildWarnAfter":1590019200000,"defaultNode10After":1594252800000,"minVersion":"3.0.5","node8DeploysDisabledAfter":1613390400000,"node8RuntimeDisabledAfter":1615809600000,"node8WarnAfter":1600128000000}
